TN:
SF:/Users/Mac/ValidityLabs/VL_tokensale/contracts/protocol/TokenStake.sol
FN:30,
FN:35,stakeFor
FN:45,stake
FN:49,releaseFor
FN:60,release
FNF:5
FNH:0
FNDA:0,
FNDA:0,stakeFor
FNDA:0,stake
FNDA:0,releaseFor
FNDA:0,release
DA:31,0
DA:36,0
DA:37,0
DA:38,0
DA:39,0
DA:41,0
DA:46,0
DA:50,0
DA:51,0
DA:52,0
DA:53,0
DA:55,0
DA:56,0
DA:61,0
LF:14
LH:0
BRDA:36,1,0,0
BRDA:36,1,1,0
BRDA:51,2,0,0
BRDA:51,2,1,0
BRF:4
BRH:0
end_of_record
TN:
SF:/Users/Mac/ValidityLabs/VL_tokensale/contracts/rscconversion/RSCConversion.sol
FN:34,
FN:45,convert
FNF:2
FNH:0
FNDA:0,
FNDA:0,convert
DA:39,0
DA:40,0
DA:41,0
DA:42,0
DA:49,0
DA:50,0
DA:51,0
DA:52,0
DA:54,0
DA:58,0
DA:61,0
DA:64,0
DA:67,0
DA:68,0
DA:69,0
DA:73,0
DA:74,0
LF:17
LH:0
BRDA:58,1,0,0
BRDA:58,1,1,0
BRDA:61,2,0,0
BRDA:61,2,1,0
BRDA:67,3,0,0
BRDA:67,3,1,0
BRDA:68,4,0,0
BRDA:68,4,1,0
BRDA:73,5,0,0
BRDA:73,5,1,0
BRF:10
BRH:0
end_of_record
TN:
SF:/Users/Mac/ValidityLabs/VL_tokensale/contracts/token/DipToken.sol
FN:24,
FN:28,shouldNotBeLockedIn
FN:41,mint
FN:54,salvageTokens
FN:58,transferFrom
FN:62,transfer
FNF:6
FNH:5
FNDA:112,
FNDA:11,shouldNotBeLockedIn
FNDA:39,mint
FNDA:1,salvageTokens
FNDA:0,transferFrom
FNDA:7,transfer
DA:25,112
DA:31,11
DA:32,7
DA:42,39
DA:43,2
DA:46,37
DA:55,1
DA:59,0
DA:63,7
LF:9
LH:8
BRDA:31,1,0,7
BRDA:31,1,1,4
BRDA:42,2,0,2
BRDA:42,2,1,37
BRF:4
BRH:4
end_of_record
TN:
SF:/Users/Mac/ValidityLabs/VL_tokensale/contracts/tokensale/DipTge.sol
FN:37,
FN:68,setRate
FN:74,unpauseToken
FN:83,calculateMaxContribution
FN:113,calculateTokens
FN:128,setCrowdsaleState
FN:167,buyTokens
FN:208,tokenIsLocked
FN:226,airdrop
FN:235,airdropFor
FN:257,createTokenContract
FN:264,finalization
FN:276,salvageTokens
FNF:13
FNH:12
FNDA:110,
FNDA:0,setRate
FNDA:7,unpauseToken
FNDA:44,calculateMaxContribution
FNDA:31,calculateTokens
FNDA:55,setCrowdsaleState
FNDA:57,buyTokens
FNDA:11,tokenIsLocked
FNDA:17,airdrop
FNDA:24,airdropFor
FNDA:110,createTokenContract
FNDA:2,finalization
FNDA:1,salvageTokens
DA:51,110
DA:52,110
DA:53,110
DA:54,110
DA:55,110
DA:56,110
DA:57,110
DA:58,110
DA:61,110
DA:62,110
DA:63,110
DA:64,110
DA:65,110
DA:69,0
DA:71,0
DA:75,7
DA:84,44
DA:86,44
DA:87,17
DA:89,17
DA:90,1
DA:93,19
DA:94,16
DA:98,44
DA:114,31
DA:116,31
DA:118,31
DA:119,14
DA:121,17
DA:129,55
DA:131,4
DA:132,4
DA:133,4
DA:141,11
DA:142,11
DA:150,20
DA:151,20
DA:158,12
DA:159,12
DA:168,57
DA:169,56
DA:170,38
DA:172,34
DA:174,34
DA:175,34
DA:176,34
DA:178,34
DA:179,11
DA:180,11
DA:184,34
DA:187,25
DA:189,25
DA:192,25
DA:194,25
DA:195,24
DA:197,24
DA:198,24
DA:200,24
DA:202,24
DA:210,11
DA:211,2
DA:213,2
DA:216,7
DA:227,17
DA:236,24
DA:237,24
DA:238,18
DA:239,16
DA:241,16
DA:243,16
DA:245,10
DA:246,10
DA:247,10
DA:249,10
DA:258,110
DA:265,2
DA:266,2
DA:267,2
DA:268,2
DA:277,1
LF:80
LH:78
BRDA:51,1,0,110
BRDA:51,1,1,0
BRDA:52,2,0,110
BRDA:52,2,1,0
BRDA:53,3,0,110
BRDA:53,3,1,0
BRDA:54,4,0,110
BRDA:54,4,1,0
BRDA:55,5,0,110
BRDA:55,5,1,0
BRDA:56,6,0,110
BRDA:56,6,1,0
BRDA:57,7,0,110
BRDA:57,7,1,0
BRDA:58,8,0,110
BRDA:58,8,1,0
BRDA:69,9,0,0
BRDA:69,9,1,0
BRDA:86,10,0,17
BRDA:86,10,1,27
BRDA:89,11,0,1
BRDA:89,11,1,16
BRDA:92,12,0,19
BRDA:92,12,1,8
BRDA:93,13,0,16
BRDA:93,13,1,3
BRDA:116,14,0,31
BRDA:116,14,1,0
BRDA:118,15,0,14
BRDA:118,15,1,17
BRDA:129,16,0,4
BRDA:129,16,1,51
BRDA:135,17,0,11
BRDA:135,17,1,40
BRDA:144,18,0,20
BRDA:144,18,1,20
BRDA:153,19,0,12
BRDA:153,19,1,8
BRDA:168,20,0,56
BRDA:168,20,1,1
BRDA:169,21,0,38
BRDA:169,21,1,18
BRDA:170,22,0,34
BRDA:170,22,1,4
BRDA:178,23,0,11
BRDA:178,23,1,23
BRDA:184,24,0,25
BRDA:184,24,1,9
BRDA:189,25,0,25
BRDA:189,25,1,0
BRDA:194,26,0,24
BRDA:194,26,1,1
BRDA:202,27,0,2
BRDA:202,27,1,22
BRDA:210,28,0,2
BRDA:210,28,1,9
BRDA:212,29,0,2
BRDA:212,29,1,7
BRDA:236,30,0,24
BRDA:236,30,1,0
BRDA:237,31,0,18
BRDA:237,31,1,6
BRDA:238,32,0,16
BRDA:238,32,1,2
BRDA:239,33,0,16
BRDA:239,33,1,0
BRDA:243,34,0,10
BRDA:243,34,1,6
BRDA:246,35,0,10
BRDA:246,35,1,0
BRF:70
BRH:55
end_of_record
TN:
SF:/Users/Mac/ValidityLabs/VL_tokensale/contracts/tokensale/DipTgeInterface.sol
FNF:0
FNH:0
LF:0
LH:0
BRF:0
BRH:0
end_of_record
TN:
SF:/Users/Mac/ValidityLabs/VL_tokensale/contracts/tokensale/DipWhitelistedCrowdsale.sol
FN:35,editContributors
FNF:1
FNH:1
FNDA:78,editContributors
DA:43,78
DA:50,74
DA:51,74
DA:52,73
DA:54,72
DA:55,72
DA:56,72
DA:57,72
DA:58,72
DA:60,72
LF:10
LH:10
BRDA:43,1,0,74
BRDA:43,1,1,4
BRDA:51,2,0,73
BRDA:51,2,1,1
BRDA:52,3,0,72
BRDA:52,3,1,1
BRF:6
BRH:6
end_of_record
